c:\users\alumnos\documents\visual studio 2010\projects\ejemplopilaestatica\ejemplopilaestatica\debug\ejemplopilaestatica.pch
c:\users\alumnos\documents\visual studio 2010\projects\ejemplopilaestatica\ejemplopilaestatica\debug\stdafx.obj
c:\users\alumnos\documents\visual studio 2010\projects\ejemplopilaestatica\ejemplopilaestatica\debug\vc100.pdb
c:\users\alumnos\documents\visual studio 2010\projects\ejemplopilaestatica\ejemplopilaestatica\debug\ejemplopilaestatica.obj
c:\users\alumnos\documents\visual studio 2010\projects\ejemplopilaestatica\ejemplopilaestatica\debug\tipodato.obj
c:\users\alumnos\documents\visual studio 2010\projects\ejemplopilaestatica\ejemplopilaestatica\debug\pila.obj
c:\users\alumnos\documents\visual studio 2010\projects\ejemplopilaestatica\debug\ejemplopilaestatica.ilk
c:\users\alumnos\documents\visual studio 2010\projects\ejemplopilaestatica\debug\ejemplopilaestatica.exe
c:\users\alumnos\documents\visual studio 2010\projects\ejemplopilaestatica\ejemplopilaestatica\debug\ejemplopilaestatica.exe.intermediate.manifest
c:\users\alumnos\documents\visual studio 2010\projects\ejemplopilaestatica\debug\ejemplopilaestatica.pdb
c:\users\alumnos\documents\visual studio 2010\projects\ejemplopilaestatica\ejemplopilaestatica\debug\ejemplopilaestatica.exe.embed.manifest
c:\users\alumnos\documents\visual studio 2010\projects\ejemplopilaestatica\ejemplopilaestatica\debug\ejemplopilaestatica.exe.embed.manifest.res
c:\users\upsalab\downloads\ejemplopilaestatica\ejemplopilaestatica\ejemplopilaestatica\debug\ejemplopilaestatica.pch
c:\users\upsalab\downloads\ejemplopilaestatica\ejemplopilaestatica\ejemplopilaestatica\debug\vc143.pdb
c:\users\upsalab\downloads\ejemplopilaestatica\ejemplopilaestatica\ejemplopilaestatica\debug\vc143.idb
c:\users\upsalab\downloads\ejemplopilaestatica\ejemplopilaestatica\ejemplopilaestatica\debug\stdafx.obj
c:\users\upsalab\downloads\ejemplopilaestatica\ejemplopilaestatica\ejemplopilaestatica\debug\tipodato.obj
c:\users\upsalab\downloads\ejemplopilaestatica\ejemplopilaestatica\ejemplopilaestatica\debug\ejemplopilaestatica.obj
c:\users\upsalab\downloads\ejemplopilaestatica\ejemplopilaestatica\ejemplopilaestatica\debug\pila.obj
c:\users\upsalab\downloads\ejemplopilaestatica\ejemplopilaestatica\ejemplopilaestatica\debug\ejemplopilaestatica.vcxprojresolveassemblyreference.cache
c:\users\upsalab\downloads\ejemplopilaestatica\ejemplopilaestatica\ejemplopilaestatica\debug\cl.command.1.tlog
c:\users\upsalab\downloads\ejemplopilaestatica\ejemplopilaestatica\ejemplopilaestatica\debug\cl.read.1.tlog
c:\users\upsalab\downloads\ejemplopilaestatica\ejemplopilaestatica\ejemplopilaestatica\debug\cl.write.1.tlog
c:\users\upsalab\downloads\ejemplopilaestatica\ejemplopilaestatica\ejemplopilaestatica\debug\ejemplopilaestatica.write.1.tlog
c:\users\upsalab\downloads\ejemplopilaestatica\ejemplopilaestatica\ejemplopilaestatica\debug\link-cvtres.read.1.tlog
c:\users\upsalab\downloads\ejemplopilaestatica\ejemplopilaestatica\ejemplopilaestatica\debug\link-cvtres.write.1.tlog
c:\users\upsalab\downloads\ejemplopilaestatica\ejemplopilaestatica\ejemplopilaestatica\debug\link.5060-cvtres.read.1.tlog
c:\users\upsalab\downloads\ejemplopilaestatica\ejemplopilaestatica\ejemplopilaestatica\debug\link.5060-cvtres.write.1.tlog
c:\users\upsalab\downloads\ejemplopilaestatica\ejemplopilaestatica\ejemplopilaestatica\debug\link.5060.read.1.tlog
c:\users\upsalab\downloads\ejemplopilaestatica\ejemplopilaestatica\ejemplopilaestatica\debug\link.5060.write.1.tlog
c:\users\upsalab\downloads\ejemplopilaestatica\ejemplopilaestatica\ejemplopilaestatica\debug\link.5144-cvtres.read.1.tlog
c:\users\upsalab\downloads\ejemplopilaestatica\ejemplopilaestatica\ejemplopilaestatica\debug\link.5144-cvtres.write.1.tlog
c:\users\upsalab\downloads\ejemplopilaestatica\ejemplopilaestatica\ejemplopilaestatica\debug\link.5144.read.1.tlog
c:\users\upsalab\downloads\ejemplopilaestatica\ejemplopilaestatica\ejemplopilaestatica\debug\link.5144.write.1.tlog
c:\users\upsalab\downloads\ejemplopilaestatica\ejemplopilaestatica\ejemplopilaestatica\debug\link.command.1.tlog
c:\users\upsalab\downloads\ejemplopilaestatica\ejemplopilaestatica\ejemplopilaestatica\debug\link.read.1.tlog
c:\users\upsalab\downloads\ejemplopilaestatica\ejemplopilaestatica\ejemplopilaestatica\debug\link.write.1.tlog
c:\users\upsalab\downloads\ejemplopilaestatica\ejemplopilaestatica\ejemplopilaestatica\debug\mt.command.1.tlog
c:\users\upsalab\downloads\ejemplopilaestatica\ejemplopilaestatica\ejemplopilaestatica\debug\mt.read.1.tlog
c:\users\upsalab\downloads\ejemplopilaestatica\ejemplopilaestatica\ejemplopilaestatica\debug\mt.write.1.tlog
c:\users\upsalab\downloads\ejemplopilaestatica\ejemplopilaestatica\ejemplopilaestatica\debug\rc.command.1.tlog
c:\users\upsalab\downloads\ejemplopilaestatica\ejemplopilaestatica\ejemplopilaestatica\debug\rc.read.1.tlog
c:\users\upsalab\downloads\ejemplopilaestatica\ejemplopilaestatica\ejemplopilaestatica\debug\rc.write.1.tlog
c:\users\upsalab\downloads\ejemplopilaestatica\ejemplopilaestatica\ejemplopilaestatica\debug\ejemplopilaestatica.exe.embed.manifest
c:\users\upsalab\downloads\ejemplopilaestatica\ejemplopilaestatica\ejemplopilaestatica\debug\ejemplopilaestatica.exe.intermediate.manifest
c:\users\upsalab\downloads\ejemplopilaestatica\ejemplopilaestatica\ejemplopilaestatica\debug\ejemplopilaestatica.exe.embed.manifest.res
c:\users\upsalab\downloads\ejemplopilaestatica\ejemplopilaestatica\ejemplopilaestatica\debug\vc100.idb
c:\users\upsalab\downloads\ejemplopilaestatica\ejemplopilaestatica\ejemplopilaestatica\debug\vc100.pdb
c:\users\upsalab\downloads\ejemplopilaestatica\ejemplopilaestatica\ejemplopilaestatica\debug\ejemplopilaestatica_manifest.rc
c:\users\upsalab\downloads\ejemplopilaestatica\ejemplopilaestatica\debug\ejemplopilaestatica.pdb
c:\users\upsalab\downloads\ejemplopilaestatica\ejemplopilaestatica\debug\ejemplopilaestatica.ilk
c:\users\upsalab\downloads\ejemplopilaestatica\ejemplopilaestatica\ejemplopilaestatica\debug\ejemplop.c069f298.tlog\cl.command.1.tlog
c:\users\upsalab\downloads\ejemplopilaestatica\ejemplopilaestatica\ejemplopilaestatica\debug\ejemplop.c069f298.tlog\cl.read.1.tlog
c:\users\upsalab\downloads\ejemplopilaestatica\ejemplopilaestatica\ejemplopilaestatica\debug\ejemplop.c069f298.tlog\cl.write.1.tlog
c:\users\upsalab\downloads\ejemplopilaestatica\ejemplopilaestatica\ejemplopilaestatica\debug\ejemplop.c069f298.tlog\link-cvtres.read.1.tlog
c:\users\upsalab\downloads\ejemplopilaestatica\ejemplopilaestatica\ejemplopilaestatica\debug\ejemplop.c069f298.tlog\link-cvtres.write.1.tlog
c:\users\upsalab\downloads\ejemplopilaestatica\ejemplopilaestatica\ejemplopilaestatica\debug\ejemplop.c069f298.tlog\link-rc.read.1.tlog
c:\users\upsalab\downloads\ejemplopilaestatica\ejemplopilaestatica\ejemplopilaestatica\debug\ejemplop.c069f298.tlog\link-rc.write.1.tlog
c:\users\upsalab\downloads\ejemplopilaestatica\ejemplopilaestatica\ejemplopilaestatica\debug\ejemplop.c069f298.tlog\link.command.1.tlog
c:\users\upsalab\downloads\ejemplopilaestatica\ejemplopilaestatica\ejemplopilaestatica\debug\ejemplop.c069f298.tlog\link.read.1.tlog
c:\users\upsalab\downloads\ejemplopilaestatica\ejemplopilaestatica\ejemplopilaestatica\debug\ejemplop.c069f298.tlog\link.write.1.tlog
