c:\users\usuario\documents\visual studio 2010\projects\cola\cola\debug\cola.pch
c:\users\usuario\documents\visual studio 2010\projects\cola\cola\debug\stdafx.obj
c:\users\usuario\documents\visual studio 2010\projects\cola\cola\debug\vc100.pdb
c:\users\usuario\documents\visual studio 2010\projects\cola\cola\debug\cola.obj
c:\users\usuario\documents\visual studio 2010\projects\cola\cola\debug\colae.obj
c:\users\usuario\documents\visual studio 2010\projects\cola\debug\cola.ilk
c:\users\usuario\documents\visual studio 2010\projects\cola\debug\cola.exe
c:\users\usuario\documents\visual studio 2010\projects\cola\cola\debug\cola.exe.intermediate.manifest
c:\users\usuario\documents\visual studio 2010\projects\cola\debug\cola.pdb
c:\users\usuario\documents\visual studio 2010\projects\cola\cola\debug\cola.exe.embed.manifest
c:\users\usuario\documents\visual studio 2010\projects\cola\cola\debug\cola.exe.embed.manifest.res
c:\users\upsalab\downloads\cola\cola\cola\debug\cola.vcxprojresolveassemblyreference.cache
c:\users\upsalab\downloads\cola\cola\cola\debug\cola.obj
c:\users\upsalab\downloads\cola\cola\cola\debug\colae.obj
c:\users\upsalab\downloads\cola\cola\cola\debug\stdafx.obj
c:\users\upsalab\downloads\cola\cola\cola\debug\cl.command.1.tlog
c:\users\upsalab\downloads\cola\cola\cola\debug\cl.read.1.tlog
c:\users\upsalab\downloads\cola\cola\cola\debug\cl.write.1.tlog
c:\users\upsalab\downloads\cola\cola\cola\debug\cola.write.1.tlog
c:\users\upsalab\downloads\cola\cola\cola\debug\link-cvtres.read.1.tlog
c:\users\upsalab\downloads\cola\cola\cola\debug\link-cvtres.write.1.tlog
c:\users\upsalab\downloads\cola\cola\cola\debug\link.5436-cvtres.read.1.tlog
c:\users\upsalab\downloads\cola\cola\cola\debug\link.5436-cvtres.write.1.tlog
c:\users\upsalab\downloads\cola\cola\cola\debug\link.5436.read.1.tlog
c:\users\upsalab\downloads\cola\cola\cola\debug\link.5436.write.1.tlog
c:\users\upsalab\downloads\cola\cola\cola\debug\link.command.1.tlog
c:\users\upsalab\downloads\cola\cola\cola\debug\link.read.1.tlog
c:\users\upsalab\downloads\cola\cola\cola\debug\link.write.1.tlog
c:\users\upsalab\downloads\cola\cola\cola\debug\mt.command.1.tlog
c:\users\upsalab\downloads\cola\cola\cola\debug\mt.read.1.tlog
c:\users\upsalab\downloads\cola\cola\cola\debug\mt.write.1.tlog
c:\users\upsalab\downloads\cola\cola\cola\debug\rc.command.1.tlog
c:\users\upsalab\downloads\cola\cola\cola\debug\rc.read.1.tlog
c:\users\upsalab\downloads\cola\cola\cola\debug\rc.write.1.tlog
c:\users\upsalab\downloads\cola\cola\cola\debug\cola.exe.embed.manifest
c:\users\upsalab\downloads\cola\cola\cola\debug\cola.exe.intermediate.manifest
c:\users\upsalab\downloads\cola\cola\cola\debug\cola.exe.embed.manifest.res
c:\users\upsalab\downloads\cola\cola\cola\debug\cola.pch
c:\users\upsalab\downloads\cola\cola\cola\debug\vc100.idb
c:\users\upsalab\downloads\cola\cola\cola\debug\vc100.pdb
c:\users\upsalab\downloads\cola\cola\cola\debug\cola_manifest.rc
c:\users\upsalab\downloads\cola\cola\debug\cola.pdb
c:\users\upsalab\downloads\cola\cola\debug\cola.exe
c:\users\upsalab\downloads\cola\cola\debug\cola.ilk
